[2018-09-09 19:22:46] xcloner_file_system.INFO: Cleaning the backup storage on matching rules [] []
[2018-09-09 19:22:47] php_system.INFO: E_DEPRECATED: array (   'type' => 8192,   'message' => 'Non-static method WP_Feed_Cache::create() should not be called statically',   'file' => 'C:\\Users\\KirKa\\Documents\\Progect\\beewinnre.com\\wp-includes\\SimplePie\\Registry.php',   'line' => 215, ) [] []
[2018-09-09 19:23:15] xcloner_api.INFO: Processing ajax request ID _ylq06p1nh [] []
[2018-09-09 19:23:15] xcloner_file_system.INFO: Starting the filesystem scanner on root folder C:\Users\KirKa\Documents\Progect\beewinnre.com [] []
[2018-09-09 19:23:15] xcloner_file_system.INFO: Excluding .git from the filesystem list, matching pattern / ["FILESYSTEM SCAN","EXCLUDE"] []
[2018-09-09 19:23:15] xcloner_file_system.INFO: Excluding .gitattributes from the filesystem list, matching pattern / ["FILESYSTEM SCAN","EXCLUDE"] []
[2018-09-09 19:23:15] xcloner_file_system.INFO: Excluding .htaccess from the filesystem list, matching pattern / ["FILESYSTEM SCAN","EXCLUDE"] []
[2018-09-09 19:23:15] xcloner_file_system.INFO: Excluding index.php from the filesystem list, matching pattern / ["FILESYSTEM SCAN","EXCLUDE"] []
[2018-09-09 19:23:15] xcloner_file_system.INFO: Excluding license.txt from the filesystem list, matching pattern / ["FILESYSTEM SCAN","EXCLUDE"] []
[2018-09-09 19:23:15] xcloner_file_system.INFO: Excluding readme.html from the filesystem list, matching pattern / ["FILESYSTEM SCAN","EXCLUDE"] []
[2018-09-09 19:23:15] xcloner_file_system.INFO: Excluding wp-activate.php from the filesystem list, matching pattern / ["FILESYSTEM SCAN","EXCLUDE"] []
[2018-09-09 19:23:15] xcloner_file_system.INFO: Excluding wp-admin from the filesystem list, matching pattern / ["FILESYSTEM SCAN","EXCLUDE"] []
[2018-09-09 19:23:15] xcloner_file_system.INFO: Excluding wp-blog-header.php from the filesystem list, matching pattern / ["FILESYSTEM SCAN","EXCLUDE"] []
[2018-09-09 19:23:15] xcloner_file_system.INFO: Excluding wp-comments-post.php from the filesystem list, matching pattern / ["FILESYSTEM SCAN","EXCLUDE"] []
[2018-09-09 19:23:15] xcloner_file_system.INFO: Excluding wp-config-sample.php from the filesystem list, matching pattern / ["FILESYSTEM SCAN","EXCLUDE"] []
[2018-09-09 19:23:15] xcloner_file_system.INFO: Excluding wp-config.php from the filesystem list, matching pattern / ["FILESYSTEM SCAN","EXCLUDE"] []
[2018-09-09 19:23:15] xcloner_file_system.INFO: Excluding wp-content from the filesystem list, matching pattern / ["FILESYSTEM SCAN","EXCLUDE"] []
[2018-09-09 19:23:15] xcloner_file_system.INFO: Excluding wp-cron.php from the filesystem list, matching pattern / ["FILESYSTEM SCAN","EXCLUDE"] []
[2018-09-09 19:23:15] xcloner_file_system.INFO: Excluding wp-includes from the filesystem list, matching pattern / ["FILESYSTEM SCAN","EXCLUDE"] []
[2018-09-09 19:23:15] xcloner_file_system.INFO: Excluding wp-links-opml.php from the filesystem list, matching pattern / ["FILESYSTEM SCAN","EXCLUDE"] []
[2018-09-09 19:23:15] xcloner_file_system.INFO: Excluding wp-load.php from the filesystem list, matching pattern / ["FILESYSTEM SCAN","EXCLUDE"] []
[2018-09-09 19:23:15] xcloner_file_system.INFO: Excluding wp-login.php from the filesystem list, matching pattern / ["FILESYSTEM SCAN","EXCLUDE"] []
[2018-09-09 19:23:15] xcloner_file_system.INFO: Excluding wp-mail.php from the filesystem list, matching pattern / ["FILESYSTEM SCAN","EXCLUDE"] []
[2018-09-09 19:23:15] xcloner_file_system.INFO: Excluding wp-settings.php from the filesystem list, matching pattern / ["FILESYSTEM SCAN","EXCLUDE"] []
[2018-09-09 19:23:15] xcloner_file_system.INFO: Excluding wp-signup.php from the filesystem list, matching pattern / ["FILESYSTEM SCAN","EXCLUDE"] []
[2018-09-09 19:23:15] xcloner_file_system.INFO: Excluding wp-trackback.php from the filesystem list, matching pattern / ["FILESYSTEM SCAN","EXCLUDE"] []
[2018-09-09 19:23:15] xcloner_file_system.INFO: Excluding xmlrpc.php from the filesystem list, matching pattern / ["FILESYSTEM SCAN","EXCLUDE"] []
[2018-09-09 19:23:18] xcloner_api.INFO: Processing ajax request ID _itpa9g1w0 [] []
[2018-09-09 19:23:18] xcloner_database.INFO: Preparing the database recursion file [""] []
[2018-09-09 19:23:20] xcloner_api.INFO: Processing ajax request ID _iqvdtd63o [] []
[2018-09-09 19:23:20] xcloner_database.INFO: Starting new backup dump to file database-backup.sql [""] []
[2018-09-09 19:23:20] xcloner_database.INFO: Writing beewinner database dump headers [""] []
[2018-09-09 19:23:20] xcloner_database.INFO: Dumping the structure for beewinner.wp_commentmeta table [""] []
[2018-09-09 19:23:20] xcloner_database.INFO: Dumping 0 records starting position 0 from beewinner.wp_commentmeta table [""] []
[2018-09-09 19:23:23] xcloner_api.INFO: Processing ajax request ID _jpuq00ji3 [] []
[2018-09-09 19:23:23] xcloner_database.INFO: Dumping the structure for beewinner.wp_comments table [""] []
[2018-09-09 19:23:23] xcloner_database.INFO: Dumping 1 records starting position 0 from beewinner.wp_comments table [""] []
[2018-09-09 19:23:25] xcloner_api.INFO: Processing ajax request ID _hmhfotiw7 [] []
[2018-09-09 19:23:25] xcloner_database.INFO: Dumping the structure for beewinner.wp_links table [""] []
[2018-09-09 19:23:25] xcloner_database.INFO: Dumping 0 records starting position 0 from beewinner.wp_links table [""] []
[2018-09-09 19:23:27] xcloner_api.INFO: Processing ajax request ID _im1hucj34 [] []
[2018-09-09 19:23:27] xcloner_database.INFO: Dumping the structure for beewinner.wp_options table [""] []
[2018-09-09 19:23:29] xcloner_database.INFO: Dumping 156 records starting position 0 from beewinner.wp_options table [""] []
[2018-09-09 19:23:31] xcloner_api.INFO: Processing ajax request ID _feektmrjr [] []
[2018-09-09 19:23:31] xcloner_database.INFO: Dumping the structure for beewinner.wp_postmeta table [""] []
[2018-09-09 19:23:33] xcloner_database.INFO: Dumping 279 records starting position 0 from beewinner.wp_postmeta table [""] []
[2018-09-09 19:23:35] xcloner_api.INFO: Processing ajax request ID _dicdkrrpn [] []
[2018-09-09 19:23:35] xcloner_database.INFO: Dumping the structure for beewinner.wp_posts table [""] []
[2018-09-09 19:23:37] xcloner_database.INFO: Dumping 114 records starting position 0 from beewinner.wp_posts table [""] []
[2018-09-09 19:23:39] xcloner_api.INFO: Processing ajax request ID _qz5vhk0ki [] []
[2018-09-09 19:23:39] xcloner_database.INFO: Dumping the structure for beewinner.wp_term_relationships table [""] []
[2018-09-09 19:23:39] xcloner_database.INFO: Dumping 28 records starting position 0 from beewinner.wp_term_relationships table [""] []
[2018-09-09 19:23:42] xcloner_api.INFO: Processing ajax request ID _uqw7vj50v [] []
[2018-09-09 19:23:42] xcloner_database.INFO: Dumping the structure for beewinner.wp_term_taxonomy table [""] []
[2018-09-09 19:23:42] xcloner_database.INFO: Dumping 10 records starting position 0 from beewinner.wp_term_taxonomy table [""] []
[2018-09-09 19:23:44] xcloner_api.INFO: Processing ajax request ID _tzvir337i [] []
[2018-09-09 19:23:44] xcloner_database.INFO: Dumping the structure for beewinner.wp_termmeta table [""] []
[2018-09-09 19:23:44] xcloner_database.INFO: Dumping 0 records starting position 0 from beewinner.wp_termmeta table [""] []
[2018-09-09 19:23:46] xcloner_api.INFO: Processing ajax request ID _m7a1couw5 [] []
[2018-09-09 19:23:47] xcloner_database.INFO: Dumping the structure for beewinner.wp_terms table [""] []
[2018-09-09 19:23:47] xcloner_database.INFO: Dumping 10 records starting position 0 from beewinner.wp_terms table [""] []
[2018-09-09 19:23:49] xcloner_api.INFO: Processing ajax request ID _ld4zmsjcp [] []
[2018-09-09 19:23:49] xcloner_database.INFO: Dumping the structure for beewinner.wp_usermeta table [""] []
[2018-09-09 19:23:49] xcloner_database.INFO: Dumping 25 records starting position 0 from beewinner.wp_usermeta table [""] []
[2018-09-09 19:23:51] xcloner_api.INFO: Processing ajax request ID _pys2jaqxb [] []
[2018-09-09 19:23:52] xcloner_database.INFO: Dumping the structure for beewinner.wp_users table [""] []
[2018-09-09 19:23:52] xcloner_database.INFO: Dumping 1 records starting position 0 from beewinner.wp_users table [""] []
[2018-09-09 19:23:54] xcloner_api.INFO: Processing ajax request ID _iniui9m0o [] []
[2018-09-09 19:23:54] xcloner_database.INFO: Dumping the structure for beewinner.wp_xcloner_scheduler table [""] []
[2018-09-09 19:23:54] xcloner_database.INFO: Dumping 0 records starting position 0 from beewinner.wp_xcloner_scheduler table [""] []
[2018-09-09 19:23:56] xcloner_api.INFO: Processing ajax request ID _rrur4bl8f [] []
[2018-09-09 19:23:58] xcloner_api.INFO: Processing ajax request ID _82bcz08bx [] []
[2018-09-09 19:23:59] xcloner_archive.INFO: Initializing the backup archive backup_beewinnre.com-2018-09-09_19-23-sql [] []
[2018-09-09 19:23:59] xcloner_archive.INFO: Adding 0 bytes of file xcloner-e3752/index.html to archive backup_beewinnre.com-2018-09-09_19-23-sql-e3752.tar  [] []
[2018-09-09 19:23:59] xcloner_archive.INFO: Adding 321 bytes of file xcloner-e3752/backup_files.csv to archive backup_beewinnre.com-2018-09-09_19-23-sql-e3752.tar  [] []
[2018-09-09 19:23:59] xcloner_archive.INFO: Adding 8803 bytes of file xcloner-e3752/xcloner-e3752.log to archive backup_beewinnre.com-2018-09-09_19-23-sql-e3752.tar  [] []
[2018-09-09 19:23:59] xcloner_archive.INFO: Adding 599245 bytes of file xcloner-e3752/database-backup.sql to archive backup_beewinnre.com-2018-09-09_19-23-sql-e3752.tar  [] []
[2018-09-09 19:23:59] xcloner_archive.INFO: Closing the backup archive backup_beewinnre.com-2018-09-09_19-23-sql-e3752.tar with 2*512 zero bytes blocks. [] []
[2018-09-09 19:23:59] xcloner_archive.INFO: Sending backup notification to all4sitecomua@gmail.com [] []
[2018-09-09 19:23:59] php_system.INFO: E_WARNING: array (   'type' => 2,   'message' => 'rmdir(d:\\ospanel\\userdata\\temp\\.xcloner-e3752): Directory not empty',   'file' => 'C:\\Users\\KirKa\\Documents\\Progect\\beewinnre.com\\wp-content\\plugins\\xcloner-backup-and-restore\\includes\\class-xcloner-file-system.php',   'line' => 461, ) [] []
